<?xml version="1.0" encoding="UTF-8"?>
<!-- Generated by org.testng.reporters.JUnitReportReporter -->
<testsuite hostname="DESKTOP-IC95140" failures="0" tests="3" name="com.Test.VerifyLoginTest" time="38.544" errors="1" timestamp="2022-07-07T12:13:38 IST" skipped="1">
  <testcase classname="com.Test.VerifyLoginTest" name="verify_tc_01_withvalidlogincredential" time="29.962"/>
  <system-out/>
  <testcase classname="com.Test.VerifyLoginTest" name="verify_tc_01_withvalidlogincredential" time="0.000">
    <skipped/>
  </testcase> <!-- verify_tc_01_withvalidlogincredential -->
  <system-out/>
  <testcase classname="com.Test.VerifyLoginTest" name="setup" time="8.582">
    <error message="unknown error: cannot find msedge binary
Build info: version: &#039;3.141.59&#039;, revision: &#039;e82be7d358&#039;, time: &#039;2018-11-14T08:17:03&#039;
System info: host: &#039;DESKTOP-IC95140&#039;, ip: &#039;192.168.1.4&#039;, os.name: &#039;Windows 10&#039;, os.arch: &#039;amd64&#039;, os.version: &#039;10.0&#039;, java.version: &#039;18&#039;
Driver info: driver.version: EdgeDriver
remote stacktrace: Backtrace:
	Microsoft::Applications::Events::EventProperties::unpack [0x00C9B093+58259]
	Microsoft::Applications::Events::ISemanticContext::SetTicket [0x00B902A1+690545]
	Microsoft::Applications::Events::ILogConfiguration::operator* [0x00A1ACEE+3518]
	Microsoft::Applications::Events::GUID_t::GUID_t [0x00A36785+38917]
	Microsoft::Applications::Events::GUID_t::GUID_t [0x00A34239+29369]
	Microsoft::Applications::Events::GUID_t::GUID_t [0x00A5E3D5+201813]
	Microsoft::Applications::Events::GUID_t::GUID_t [0x00A5DDFE+200318]
	Microsoft::Applications::Events::GUID_t::GUID_t [0x00A592D6+181078]
	Microsoft::Applications::Events::GUID_t::GUID_t [0x00A3C786+63494]
	Microsoft::Applications::Events::GUID_t::GUID_t [0x00A3D516+66966]
	Microsoft::Applications::Events::ILogManager::DispatchEventBroadcast [0x00E926B5+668677]
	Microsoft::Applications::Events::ILogManager::DispatchEventBroadcast [0x00E05E33+93059]
	Microsoft::Applications::Events::ILogManager::DispatchEventBroadcast [0x00E05AC7+92183]
	Microsoft::Applications::Events::ILogManager::DispatchEventBroadcast [0x00E0997A+108234]
	Microsoft::Applications::Events::ILogManager::DispatchEventBroadcast [0x00E0651A+94826]
	Microsoft::Applications::Events::ISemanticContext::SetTicket [0x00BA1FDB+763563]
	Microsoft::Applications::Events::ISemanticContext::SetTicket [0x00BACB38+807432]
	Microsoft::Applications::Events::ISemanticContext::SetTicket [0x00BACCC2+807826]
	Microsoft::Applications::Events::ISemanticContext::SetTicket [0x00BBF372+883266]
	BaseThreadInitThunk [0x75276359+25]
	RtlGetAppContainerNamedObjectPath [0x77227B74+228]
	RtlGetAppContainerNamedObjectPath [0x77227B44+180]
" type="org.openqa.selenium.WebDriverException">
      <![CDATA[org.openqa.selenium.WebDriverException: unknown error: cannot find msedge binary
Build info: version: '3.141.59', revision: 'e82be7d358', time: '2018-11-14T08:17:03'
System info: host: 'DESKTOP-IC95140', ip: '192.168.1.4', os.name: 'Windows 10', os.arch: 'amd64', os.version: '10.0', java.version: '18'
Driver info: driver.version: EdgeDriver
remote stacktrace: Backtrace:
Microsoft::Applications::Events::EventProperties::unpack [0x00C9B093+58259]
Microsoft::Applications::Events::ISemanticContext::SetTicket [0x00B902A1+690545]
Microsoft::Applications::Events::ILogConfiguration::operator* [0x00A1ACEE+3518]
Microsoft::Applications::Events::GUID_t::GUID_t [0x00A36785+38917]
Microsoft::Applications::Events::GUID_t::GUID_t [0x00A34239+29369]
Microsoft::Applications::Events::GUID_t::GUID_t [0x00A5E3D5+201813]
Microsoft::Applications::Events::GUID_t::GUID_t [0x00A5DDFE+200318]
Microsoft::Applications::Events::GUID_t::GUID_t [0x00A592D6+181078]
Microsoft::Applications::Events::GUID_t::GUID_t [0x00A3C786+63494]
Microsoft::Applications::Events::GUID_t::GUID_t [0x00A3D516+66966]
Microsoft::Applications::Events::ILogManager::DispatchEventBroadcast [0x00E926B5+668677]
Microsoft::Applications::Events::ILogManager::DispatchEventBroadcast [0x00E05E33+93059]
Microsoft::Applications::Events::ILogManager::DispatchEventBroadcast [0x00E05AC7+92183]
Microsoft::Applications::Events::ILogManager::DispatchEventBroadcast [0x00E0997A+108234]
Microsoft::Applications::Events::ILogManager::DispatchEventBroadcast [0x00E0651A+94826]
Microsoft::Applications::Events::ISemanticContext::SetTicket [0x00BA1FDB+763563]
Microsoft::Applications::Events::ISemanticContext::SetTicket [0x00BACB38+807432]
Microsoft::Applications::Events::ISemanticContext::SetTicket [0x00BACCC2+807826]
Microsoft::Applications::Events::ISemanticContext::SetTicket [0x00BBF372+883266]
BaseThreadInitThunk [0x75276359+25]
RtlGetAppContainerNamedObjectPath [0x77227B74+228]
RtlGetAppContainerNamedObjectPath [0x77227B44+180]

at java.base/jdk.internal.reflect.DirectConstructorHandleAccessor.newInstance(DirectConstructorHandleAccessor.java:67)
at java.base/java.lang.reflect.Constructor.newInstanceWithCaller(Constructor.java:499)
at java.base/java.lang.reflect.Constructor.newInstance(Constructor.java:483)
at org.openqa.selenium.remote.W3CHandshakeResponse.lambda$errorHandler$0(W3CHandshakeResponse.java:62)
at org.openqa.selenium.remote.HandshakeResponse.lambda$getResponseFunction$0(HandshakeResponse.java:30)
at org.openqa.selenium.remote.ProtocolHandshake.lambda$createSession$0(ProtocolHandshake.java:126)
at java.base/java.util.stream.ReferencePipeline$3$1.accept(ReferencePipeline.java:197)
at java.base/java.util.Spliterators$ArraySpliterator.tryAdvance(Spliterators.java:1002)
at java.base/java.util.stream.ReferencePipeline.forEachWithCancel(ReferencePipeline.java:129)
at java.base/java.util.stream.AbstractPipeline.copyIntoWithCancel(AbstractPipeline.java:527)
at java.base/java.util.stream.AbstractPipeline.copyInto(AbstractPipeline.java:513)
at java.base/java.util.stream.AbstractPipeline.wrapAndCopyInto(AbstractPipeline.java:499)
at java.base/java.util.stream.FindOps$FindOp.evaluateSequential(FindOps.java:150)
at java.base/java.util.stream.AbstractPipeline.evaluate(AbstractPipeline.java:234)
at java.base/java.util.stream.ReferencePipeline.findFirst(ReferencePipeline.java:647)
at org.openqa.selenium.remote.ProtocolHandshake.createSession(ProtocolHandshake.java:128)
at org.openqa.selenium.remote.ProtocolHandshake.createSession(ProtocolHandshake.java:74)
at org.openqa.selenium.remote.HttpCommandExecutor.execute(HttpCommandExecutor.java:136)
at org.openqa.selenium.remote.service.DriverCommandExecutor.execute(DriverCommandExecutor.java:83)
at org.openqa.selenium.remote.RemoteWebDriver.execute(RemoteWebDriver.java:552)
at org.openqa.selenium.remote.RemoteWebDriver.startSession(RemoteWebDriver.java:213)
at org.openqa.selenium.remote.RemoteWebDriver.<init>(RemoteWebDriver.java:131)
at org.openqa.selenium.edge.EdgeDriver.<init>(EdgeDriver.java:141)
at org.openqa.selenium.edge.EdgeDriver.<init>(EdgeDriver.java:96)
at com.Utility.BaseClass.setup(BaseClass.java:38)
at java.base/jdk.internal.reflect.DirectMethodHandleAccessor.invoke(DirectMethodHandleAccessor.java:104)
at java.base/java.lang.reflect.Method.invoke(Method.java:577)
at org.testng.internal.MethodInvocationHelper.invokeMethod(MethodInvocationHelper.java:133)
at org.testng.internal.MethodInvocationHelper.invokeMethodConsideringTimeout(MethodInvocationHelper.java:62)
at org.testng.internal.ConfigInvoker.invokeConfigurationMethod(ConfigInvoker.java:385)
at org.testng.internal.ConfigInvoker.invokeConfigurations(ConfigInvoker.java:321)
at org.testng.internal.TestInvoker.runConfigMethods(TestInvoker.java:700)
at org.testng.internal.TestInvoker.invokeMethod(TestInvoker.java:527)
at org.testng.internal.TestInvoker.invokeTestMethod(TestInvoker.java:173)
at org.testng.internal.MethodRunner.runInSequence(MethodRunner.java:46)
at org.testng.internal.TestInvoker$MethodInvocationAgent.invoke(TestInvoker.java:824)
at org.testng.internal.TestInvoker.invokeTestMethods(TestInvoker.java:146)
at org.testng.internal.TestMethodWorker.invokeTestMethods(TestMethodWorker.java:146)
at org.testng.internal.TestMethodWorker.run(TestMethodWorker.java:128)
at java.base/java.util.ArrayList.forEach(ArrayList.java:1511)
at org.testng.TestRunner.privateRun(TestRunner.java:794)
at org.testng.TestRunner.run(TestRunner.java:596)
at org.testng.SuiteRunner.runTest(SuiteRunner.java:377)
at org.testng.SuiteRunner.runSequentially(SuiteRunner.java:371)
at org.testng.SuiteRunner.privateRun(SuiteRunner.java:332)
at org.testng.SuiteRunner.run(SuiteRunner.java:276)
at org.testng.SuiteRunnerWorker.runSuite(SuiteRunnerWorker.java:53)
at org.testng.SuiteRunnerWorker.run(SuiteRunnerWorker.java:96)
at org.testng.TestNG.runSuitesSequentially(TestNG.java:1212)
at org.testng.TestNG.runSuitesLocally(TestNG.java:1134)
at org.testng.TestNG.runSuites(TestNG.java:1063)
at org.testng.TestNG.run(TestNG.java:1031)
at org.testng.remote.AbstractRemoteTestNG.run(AbstractRemoteTestNG.java:115)
at org.testng.remote.RemoteTestNG.initAndRun(RemoteTestNG.java:251)
at org.testng.remote.RemoteTestNG.main(RemoteTestNG.java:77)
]]>
    </error>
  </testcase> <!-- setup -->
  <system-out/>
</testsuite> <!-- com.Test.VerifyLoginTest -->
